0 verbose cli C:\Program Files\nodejs\node.exe C:\Program Files\nodejs\node_modules\npm\bin\npm-cli.js
1 info using npm@11.6.2
2 info using node@v24.12.0
3 silly config load:file:C:\Program Files\nodejs\node_modules\npm\npmrc
4 silly config load:file:C:\Projetos\lps_qualimplan\.npmrc
5 silly config load:file:C:\Users\dnzwe\.npmrc
6 silly config load:file:C:\Users\dnzwe\AppData\Roaming\npm\etc\npmrc
7 verbose title npm exec esbuild icons.jsx --outfile=build/icons.js --loader:.jsx=jsx --minify
8 verbose argv "exec" "--yes" "--" "esbuild" "icons.jsx" "--outfile=build/icons.js" "--loader:.jsx=jsx" "--minify"
9 verbose logfile logs-max:10 dir:C:\Projetos\lps_qualimplan\.npm-cache\_logs\2026-06-22T16_09_04_144Z-
10 verbose logfile C:\Projetos\lps_qualimplan\.npm-cache\_logs\2026-06-22T16_09_04_144Z-debug-0.log
11 silly logfile done cleaning log files
12 silly packumentCache heap:4496293888 maxSize:1124073472 maxEntrySize:562036736
13 http fetch GET 200 https://registry.npmjs.org/npm 318ms
14 http fetch GET 200 https://registry.npmjs.org/esbuild 309ms (cache miss)
15 silly packumentCache heap:4496293888 maxSize:1124073472 maxEntrySize:562036736
16 silly packumentCache heap:4496293888 maxSize:1124073472 maxEntrySize:562036736
17 silly idealTree buildDeps
18 silly fetch manifest esbuild@0.28.1
19 silly packumentCache full:https://registry.npmjs.org/esbuild cache-miss
20 http fetch GET 200 https://registry.npmjs.org/esbuild 118ms (cache miss)
21 silly packumentCache full:https://registry.npmjs.org/esbuild set size:undefined disposed:false
22 silly placeDep ROOT esbuild@0.28.1 OK for:  want: 0.28.1
23 silly fetch manifest @esbuild/aix-ppc64@0.28.1
24 silly packumentCache full:https://registry.npmjs.org/@esbuild%2faix-ppc64 cache-miss
25 silly fetch manifest @esbuild/android-arm@0.28.1
26 silly packumentCache full:https://registry.npmjs.org/@esbuild%2fandroid-arm cache-miss
27 silly fetch manifest @esbuild/android-arm64@0.28.1
28 silly packumentCache full:https://registry.npmjs.org/@esbuild%2fandroid-arm64 cache-miss
29 silly fetch manifest @esbuild/android-x64@0.28.1
30 silly packumentCache full:https://registry.npmjs.org/@esbuild%2fandroid-x64 cache-miss
31 silly fetch manifest @esbuild/darwin-arm64@0.28.1
32 silly packumentCache full:https://registry.npmjs.org/@esbuild%2fdarwin-arm64 cache-miss
33 silly fetch manifest @esbuild/darwin-x64@0.28.1
34 silly packumentCache full:https://registry.npmjs.org/@esbuild%2fdarwin-x64 cache-miss
35 silly fetch manifest @esbuild/freebsd-arm64@0.28.1
36 silly packumentCache full:https://registry.npmjs.org/@esbuild%2ffreebsd-arm64 cache-miss
37 silly fetch manifest @esbuild/freebsd-x64@0.28.1
38 silly packumentCache full:https://registry.npmjs.org/@esbuild%2ffreebsd-x64 cache-miss
39 silly fetch manifest @esbuild/linux-arm@0.28.1
40 silly packumentCache full:https://registry.npmjs.org/@esbuild%2flinux-arm cache-miss
41 silly fetch manifest @esbuild/linux-arm64@0.28.1
42 silly packumentCache full:https://registry.npmjs.org/@esbuild%2flinux-arm64 cache-miss
43 silly fetch manifest @esbuild/linux-ia32@0.28.1
44 silly packumentCache full:https://registry.npmjs.org/@esbuild%2flinux-ia32 cache-miss
45 http fetch GET 200 https://registry.npmjs.org/@esbuild%2fandroid-arm 76ms (cache miss)
46 silly packumentCache full:https://registry.npmjs.org/@esbuild%2fandroid-arm set size:undefined disposed:false
47 silly fetch manifest @esbuild/linux-loong64@0.28.1
48 silly packumentCache full:https://registry.npmjs.org/@esbuild%2flinux-loong64 cache-miss
49 http fetch GET 200 https://registry.npmjs.org/@esbuild%2faix-ppc64 84ms (cache miss)
50 silly packumentCache full:https://registry.npmjs.org/@esbuild%2faix-ppc64 set size:undefined disposed:false
51 silly fetch manifest @esbuild/linux-mips64el@0.28.1
52 silly packumentCache full:https://registry.npmjs.org/@esbuild%2flinux-mips64el cache-miss
53 http fetch GET 200 https://registry.npmjs.org/@esbuild%2fandroid-arm64 161ms (cache miss)
54 silly packumentCache full:https://registry.npmjs.org/@esbuild%2fandroid-arm64 set size:undefined disposed:false
55 silly fetch manifest @esbuild/linux-ppc64@0.28.1
56 silly packumentCache full:https://registry.npmjs.org/@esbuild%2flinux-ppc64 cache-miss
57 http fetch GET 200 https://registry.npmjs.org/@esbuild%2flinux-loong64 101ms (cache miss)
58 silly packumentCache full:https://registry.npmjs.org/@esbuild%2flinux-loong64 set size:undefined disposed:false
59 silly fetch manifest @esbuild/linux-riscv64@0.28.1
60 silly packumentCache full:https://registry.npmjs.org/@esbuild%2flinux-riscv64 cache-miss
61 http fetch GET 200 https://registry.npmjs.org/@esbuild%2flinux-mips64el 102ms (cache miss)
62 silly packumentCache full:https://registry.npmjs.org/@esbuild%2flinux-mips64el set size:undefined disposed:false
63 silly fetch manifest @esbuild/linux-s390x@0.28.1
64 silly packumentCache full:https://registry.npmjs.org/@esbuild%2flinux-s390x cache-miss
65 http fetch GET 200 https://registry.npmjs.org/@esbuild%2flinux-arm64 187ms (cache miss)
66 silly packumentCache full:https://registry.npmjs.org/@esbuild%2flinux-arm64 set size:undefined disposed:false
67 silly fetch manifest @esbuild/linux-x64@0.28.1
68 silly packumentCache full:https://registry.npmjs.org/@esbuild%2flinux-x64 cache-miss
69 http fetch GET 200 https://registry.npmjs.org/@esbuild%2flinux-arm 190ms (cache miss)
70 silly packumentCache full:https://registry.npmjs.org/@esbuild%2flinux-arm set size:undefined disposed:false
71 silly fetch manifest @esbuild/netbsd-arm64@0.28.1
72 silly packumentCache full:https://registry.npmjs.org/@esbuild%2fnetbsd-arm64 cache-miss
73 http fetch GET 200 https://registry.npmjs.org/@esbuild%2fandroid-x64 193ms (cache miss)
74 silly packumentCache full:https://registry.npmjs.org/@esbuild%2fandroid-x64 set size:undefined disposed:false
75 silly fetch manifest @esbuild/netbsd-x64@0.28.1
76 silly packumentCache full:https://registry.npmjs.org/@esbuild%2fnetbsd-x64 cache-miss
77 http fetch GET 200 https://registry.npmjs.org/@esbuild%2ffreebsd-x64 194ms (cache miss)
78 silly packumentCache full:https://registry.npmjs.org/@esbuild%2ffreebsd-x64 set size:undefined disposed:false
79 silly fetch manifest @esbuild/openbsd-arm64@0.28.1
80 silly packumentCache full:https://registry.npmjs.org/@esbuild%2fopenbsd-arm64 cache-miss
81 http fetch GET 200 https://registry.npmjs.org/@esbuild%2fdarwin-x64 198ms (cache miss)
82 silly packumentCache full:https://registry.npmjs.org/@esbuild%2fdarwin-x64 set size:undefined disposed:false
83 silly fetch manifest @esbuild/openbsd-x64@0.28.1
84 silly packumentCache full:https://registry.npmjs.org/@esbuild%2fopenbsd-x64 cache-miss
85 http fetch GET 200 https://registry.npmjs.org/@esbuild%2flinux-ia32 200ms (cache miss)
86 silly packumentCache full:https://registry.npmjs.org/@esbuild%2flinux-ia32 set size:undefined disposed:false
87 silly fetch manifest @esbuild/openharmony-arm64@0.28.1
88 silly packumentCache full:https://registry.npmjs.org/@esbuild%2fopenharmony-arm64 cache-miss
89 http fetch GET 200 https://registry.npmjs.org/@esbuild%2ffreebsd-arm64 202ms (cache miss)
90 silly packumentCache full:https://registry.npmjs.org/@esbuild%2ffreebsd-arm64 set size:undefined disposed:false
91 silly fetch manifest @esbuild/sunos-x64@0.28.1
92 silly packumentCache full:https://registry.npmjs.org/@esbuild%2fsunos-x64 cache-miss
93 http fetch GET 200 https://registry.npmjs.org/@esbuild%2fdarwin-arm64 205ms (cache miss)
94 silly packumentCache full:https://registry.npmjs.org/@esbuild%2fdarwin-arm64 set size:undefined disposed:false
95 silly fetch manifest @esbuild/win32-arm64@0.28.1
96 silly packumentCache full:https://registry.npmjs.org/@esbuild%2fwin32-arm64 cache-miss
97 http fetch GET 200 https://registry.npmjs.org/@esbuild%2flinux-ppc64 79ms (cache miss)
98 silly packumentCache full:https://registry.npmjs.org/@esbuild%2flinux-ppc64 set size:undefined disposed:false
99 silly fetch manifest @esbuild/win32-ia32@0.28.1
100 silly packumentCache full:https://registry.npmjs.org/@esbuild%2fwin32-ia32 cache-miss
101 http fetch GET 200 https://registry.npmjs.org/@esbuild%2fopenbsd-arm64 94ms (cache miss)
102 silly packumentCache full:https://registry.npmjs.org/@esbuild%2fopenbsd-arm64 set size:undefined disposed:false
103 silly fetch manifest @esbuild/win32-x64@0.28.1
104 silly packumentCache full:https://registry.npmjs.org/@esbuild%2fwin32-x64 cache-miss
105 http fetch GET 200 https://registry.npmjs.org/@esbuild%2fnetbsd-arm64 107ms (cache miss)
106 silly packumentCache full:https://registry.npmjs.org/@esbuild%2fnetbsd-arm64 set size:undefined disposed:false
107 http fetch GET 200 https://registry.npmjs.org/@esbuild%2flinux-riscv64 129ms (cache miss)
108 silly packumentCache full:https://registry.npmjs.org/@esbuild%2flinux-riscv64 set size:undefined disposed:false
109 http fetch GET 200 https://registry.npmjs.org/@esbuild%2flinux-x64 123ms (cache miss)
110 silly packumentCache full:https://registry.npmjs.org/@esbuild%2flinux-x64 set size:undefined disposed:false
111 http fetch GET 200 https://registry.npmjs.org/@esbuild%2flinux-s390x 129ms (cache miss)
112 silly packumentCache full:https://registry.npmjs.org/@esbuild%2flinux-s390x set size:undefined disposed:false
113 http fetch GET 200 https://registry.npmjs.org/@esbuild%2fopenharmony-arm64 117ms (cache miss)
114 silly packumentCache full:https://registry.npmjs.org/@esbuild%2fopenharmony-arm64 set size:undefined disposed:false
115 http fetch GET 200 https://registry.npmjs.org/@esbuild%2fwin32-arm64 114ms (cache miss)
116 silly packumentCache full:https://registry.npmjs.org/@esbuild%2fwin32-arm64 set size:undefined disposed:false
117 http fetch GET 200 https://registry.npmjs.org/@esbuild%2fnetbsd-x64 132ms (cache miss)
118 silly packumentCache full:https://registry.npmjs.org/@esbuild%2fnetbsd-x64 set size:undefined disposed:false
119 http fetch GET 200 https://registry.npmjs.org/@esbuild%2fwin32-ia32 86ms (cache miss)
120 silly packumentCache full:https://registry.npmjs.org/@esbuild%2fwin32-ia32 set size:undefined disposed:false
121 http fetch GET 200 https://registry.npmjs.org/@esbuild%2fopenbsd-x64 132ms (cache miss)
122 silly packumentCache full:https://registry.npmjs.org/@esbuild%2fopenbsd-x64 set size:undefined disposed:false
123 http fetch GET 200 https://registry.npmjs.org/@esbuild%2fsunos-x64 188ms (cache miss)
124 silly packumentCache full:https://registry.npmjs.org/@esbuild%2fsunos-x64 set size:undefined disposed:false
125 http fetch GET 200 https://registry.npmjs.org/@esbuild%2fwin32-x64 105ms (cache miss)
126 silly packumentCache full:https://registry.npmjs.org/@esbuild%2fwin32-x64 set size:undefined disposed:false
127 silly placeDep ROOT @esbuild/aix-ppc64@0.28.1 OK for: esbuild@0.28.1 want: 0.28.1
128 silly placeDep ROOT @esbuild/android-arm@0.28.1 OK for: esbuild@0.28.1 want: 0.28.1
129 silly placeDep ROOT @esbuild/android-arm64@0.28.1 OK for: esbuild@0.28.1 want: 0.28.1
130 silly placeDep ROOT @esbuild/android-x64@0.28.1 OK for: esbuild@0.28.1 want: 0.28.1
131 silly placeDep ROOT @esbuild/darwin-arm64@0.28.1 OK for: esbuild@0.28.1 want: 0.28.1
132 silly placeDep ROOT @esbuild/darwin-x64@0.28.1 OK for: esbuild@0.28.1 want: 0.28.1
133 silly placeDep ROOT @esbuild/freebsd-arm64@0.28.1 OK for: esbuild@0.28.1 want: 0.28.1
134 silly placeDep ROOT @esbuild/freebsd-x64@0.28.1 OK for: esbuild@0.28.1 want: 0.28.1
135 silly placeDep ROOT @esbuild/linux-arm@0.28.1 OK for: esbuild@0.28.1 want: 0.28.1
136 silly placeDep ROOT @esbuild/linux-arm64@0.28.1 OK for: esbuild@0.28.1 want: 0.28.1
137 silly placeDep ROOT @esbuild/linux-ia32@0.28.1 OK for: esbuild@0.28.1 want: 0.28.1
138 silly placeDep ROOT @esbuild/linux-loong64@0.28.1 OK for: esbuild@0.28.1 want: 0.28.1
139 silly placeDep ROOT @esbuild/linux-mips64el@0.28.1 OK for: esbuild@0.28.1 want: 0.28.1
140 silly placeDep ROOT @esbuild/linux-ppc64@0.28.1 OK for: esbuild@0.28.1 want: 0.28.1
141 silly placeDep ROOT @esbuild/linux-riscv64@0.28.1 OK for: esbuild@0.28.1 want: 0.28.1
142 silly placeDep ROOT @esbuild/linux-s390x@0.28.1 OK for: esbuild@0.28.1 want: 0.28.1
143 silly placeDep ROOT @esbuild/linux-x64@0.28.1 OK for: esbuild@0.28.1 want: 0.28.1
144 silly placeDep ROOT @esbuild/netbsd-arm64@0.28.1 OK for: esbuild@0.28.1 want: 0.28.1
145 silly placeDep ROOT @esbuild/netbsd-x64@0.28.1 OK for: esbuild@0.28.1 want: 0.28.1
146 silly placeDep ROOT @esbuild/openbsd-arm64@0.28.1 OK for: esbuild@0.28.1 want: 0.28.1
147 silly placeDep ROOT @esbuild/openbsd-x64@0.28.1 OK for: esbuild@0.28.1 want: 0.28.1
148 silly placeDep ROOT @esbuild/openharmony-arm64@0.28.1 OK for: esbuild@0.28.1 want: 0.28.1
149 silly placeDep ROOT @esbuild/sunos-x64@0.28.1 OK for: esbuild@0.28.1 want: 0.28.1
150 silly placeDep ROOT @esbuild/win32-arm64@0.28.1 OK for: esbuild@0.28.1 want: 0.28.1
151 silly placeDep ROOT @esbuild/win32-ia32@0.28.1 OK for: esbuild@0.28.1 want: 0.28.1
152 silly placeDep ROOT @esbuild/win32-x64@0.28.1 OK for: esbuild@0.28.1 want: 0.28.1
153 silly reify moves {}
154 silly audit bulk request {
154 silly audit   esbuild: [ '0.28.1' ],
154 silly audit   '@esbuild/aix-ppc64': [ '0.28.1' ],
154 silly audit   '@esbuild/android-arm': [ '0.28.1' ],
154 silly audit   '@esbuild/android-arm64': [ '0.28.1' ],
154 silly audit   '@esbuild/android-x64': [ '0.28.1' ],
154 silly audit   '@esbuild/darwin-arm64': [ '0.28.1' ],
154 silly audit   '@esbuild/darwin-x64': [ '0.28.1' ],
154 silly audit   '@esbuild/freebsd-arm64': [ '0.28.1' ],
154 silly audit   '@esbuild/freebsd-x64': [ '0.28.1' ],
154 silly audit   '@esbuild/linux-arm': [ '0.28.1' ],
154 silly audit   '@esbuild/linux-arm64': [ '0.28.1' ],
154 silly audit   '@esbuild/linux-ia32': [ '0.28.1' ],
154 silly audit   '@esbuild/linux-loong64': [ '0.28.1' ],
154 silly audit   '@esbuild/linux-mips64el': [ '0.28.1' ],
154 silly audit   '@esbuild/linux-ppc64': [ '0.28.1' ],
154 silly audit   '@esbuild/linux-riscv64': [ '0.28.1' ],
154 silly audit   '@esbuild/linux-s390x': [ '0.28.1' ],
154 silly audit   '@esbuild/linux-x64': [ '0.28.1' ],
154 silly audit   '@esbuild/netbsd-arm64': [ '0.28.1' ],
154 silly audit   '@esbuild/netbsd-x64': [ '0.28.1' ],
154 silly audit   '@esbuild/openbsd-arm64': [ '0.28.1' ],
154 silly audit   '@esbuild/openbsd-x64': [ '0.28.1' ],
154 silly audit   '@esbuild/openharmony-arm64': [ '0.28.1' ],
154 silly audit   '@esbuild/sunos-x64': [ '0.28.1' ],
154 silly audit   '@esbuild/win32-arm64': [ '0.28.1' ],
154 silly audit   '@esbuild/win32-ia32': [ '0.28.1' ],
154 silly audit   '@esbuild/win32-x64': [ '0.28.1' ]
154 silly audit }
155 http cache @esbuild/win32-x64@https://registry.npmjs.org/@esbuild/win32-x64/-/win32-x64-0.28.1.tgz 0ms (cache hit)
156 http cache esbuild@https://registry.npmjs.org/esbuild/-/esbuild-0.28.1.tgz 0ms (cache hit)
157 silly tarball no local data for @esbuild/win32-x64@https://registry.npmjs.org/@esbuild/win32-x64/-/win32-x64-0.28.1.tgz. Extracting by manifest.
158 silly tarball no local data for esbuild@https://registry.npmjs.org/esbuild/-/esbuild-0.28.1.tgz. Extracting by manifest.
159 http fetch GET 200 https://registry.npmjs.org/esbuild/-/esbuild-0.28.1.tgz 118ms (cache miss)
160 http fetch POST 200 https://registry.npmjs.org/-/npm/v1/security/advisories/bulk 228ms
161 silly audit report {}
162 http fetch GET 200 https://registry.npmjs.org/@esbuild/win32-x64/-/win32-x64-0.28.1.tgz 272ms (cache miss)
163 info run esbuild@0.28.1 postinstall node_modules/esbuild node install.js
164 info run esbuild@0.28.1 postinstall { code: 0, signal: null }
165 verbose cwd C:\Projetos\lps_qualimplan
166 verbose os Windows_NT 10.0.26200
167 verbose node v24.12.0
168 verbose npm  v11.6.2
169 notice
169 notice New minor version of npm available! 11.6.2 -> 11.17.0
169 notice Changelog: https://github.com/npm/cli/releases/tag/v11.17.0
169 notice To update run: npm install -g npm@11.17.0
169 notice  { force: true, Symbol(proc-log.meta): true }
170 verbose exit 0
171 info ok
