0 verbose cli C:\Program Files\nodejs\node.exe C:\Program Files\nodejs\node_modules\npm\bin\npm-cli.js
1 info using npm@11.6.2
2 info using node@v24.12.0
3 silly config load:file:C:\Program Files\nodejs\node_modules\npm\npmrc
4 silly config load:file:C:\Projetos\lps_qualimplan\.npmrc
5 silly config load:file:C:\Users\dnzwe\.npmrc
6 silly config load:file:C:\Users\dnzwe\AppData\Roaming\npm\etc\npmrc
7 verbose title npm exec esbuild styles.css --outfile=build/styles.css --minify
8 verbose argv "exec" "--yes" "--" "esbuild" "styles.css" "--outfile=build/styles.css" "--minify"
9 verbose logfile logs-max:10 dir:C:\Projetos\lps_qualimplan\.npm-cache\_logs\2026-06-22T16_09_13_109Z-
10 verbose logfile C:\Projetos\lps_qualimplan\.npm-cache\_logs\2026-06-22T16_09_13_109Z-debug-0.log
11 silly logfile done cleaning log files
12 silly packumentCache heap:4496293888 maxSize:1124073472 maxEntrySize:562036736
13 http fetch GET 200 https://registry.npmjs.org/esbuild 144ms (cache revalidated)
14 silly packumentCache heap:4496293888 maxSize:1124073472 maxEntrySize:562036736
15 silly packumentCache heap:4496293888 maxSize:1124073472 maxEntrySize:562036736
16 verbose cwd C:\Projetos\lps_qualimplan
17 verbose os Windows_NT 10.0.26200
18 verbose node v24.12.0
19 verbose npm  v11.6.2
20 verbose exit 0
21 info ok
